#
# There is insufficient memory for the Java Runtime Environment to continue.
# Native memory allocation (malloc) failed to allocate 1048576 bytes for AllocateHeap
# Possible reasons:
#   The system is out of physical RAM or swap space
#   The process is running with CompressedOops enabled, and the Java Heap may be blocking the growth of the native heap
# Possible solutions:
#   Reduce memory load on the system
#   Increase physical memory or swap space
#   Check if swap backing store is full
#   Decrease Java heap size (-Xmx/-Xms)
#   Decrease number of Java threads
#   Decrease Java thread stack sizes (-Xss)
#   Set larger code cache with -XX:ReservedCodeCacheSize=
#   JVM is running with Unscaled Compressed Oops mode in which the Java heap is
#     placed in the first 4GB address space. The Java Heap base address is the
#     maximum limit for the native heap growth. Please use -XX:HeapBaseMinAddress
#     to set the Java Heap base and to place the Java Heap above 4GB virtual address.
# This output file may be truncated or incomplete.
#
#  Out of Memory Error (memory/allocation.inline.hpp:61), pid=12144, tid=0x0000000000001f68
#
# JRE version:  (8.0_211-b12) (build )
# Java VM: Java HotSpot(TM) 64-Bit Server VM (25.211-b12 mixed mode windows-amd64 compressed oops)
# Failed to write core dump. Minidumps are not enabled by default on client versions of Windows
#

---------------  T H R E A D  ---------------

Current thread (0x00000000026ce800):  JavaThread "Unknown thread" [_thread_in_vm, id=8040, stack(0x0000000002580000,0x0000000002680000)]

Stack: [0x0000000002580000,0x0000000002680000]
[error occurred during error reporting (printing stack bounds), id 0xc0000005]

Native frames: (J=compiled Java code, j=interpreted, Vv=VM code, C=native code)


---------------  P R O C E S S  ---------------

Java Threads: ( => current thread )

Other Threads:

=>0x00000000026ce800 (exited) JavaThread "Unknown thread" [_thread_in_vm, id=8040, stack(0x0000000002580000,0x0000000002680000)]

VM state:not at safepoint (normal execution)

VM Mutex/Monitor currently owned by a thread: None

heap address: 0x0000000081c00000, size: 2020 MB, Compressed Oops mode: 32-bit
Narrow klass base: 0x0000000000000000, Narrow klass shift: 3
Compressed class space size: 1073741824 Address: 0x0000000100000000

Heap:
 PSYoungGen      total 38400K, used 665K [0x00000000d5f00000, 0x00000000d8980000, 0x0000000100000000)
  eden space 33280K, 2% used [0x00000000d5f00000,0x00000000d5fa6670,0x00000000d7f80000)
  from space 5120K, 0% used [0x00000000d8480000,0x00000000d8480000,0x00000000d8980000)
  to   space 5120K, 0% used [0x00000000d7f80000,0x00000000d7f80000,0x00000000d8480000)
 ParOldGen       total 87552K, used 0K [0x0000000081c00000, 0x0000000087180000, 0x00000000d5f00000)
  object space 87552K, 0% used [0x0000000081c00000,0x0000000081c00000,0x0000000087180000)
 Metaspace       used 753K, capacity 1092K, committed 1152K, reserved 1060864K
  class space    used 76K, capacity 384K, committed 384K, reserved 1048576K

Card table byte_map: [0x0000000011b90000,0x0000000011f90000] byte_map_base: 0x0000000011782000

Marking Bits: (ParMarkBitMap*) 0x000000006f585ce0
 Begin Bits: [0x0000000012a40000, 0x00000000149d0000)
 End Bits:   [0x00000000149d0000, 0x0000000016960000)

Polling page: 0x00000000003f0000

CodeCache: size=245760Kb used=328Kb max_used=328Kb free=245431Kb
 bounds [0x00000000027d0000, 0x0000000002a40000, 0x00000000117d0000]
 total_blobs=58 nmethods=0 adapters=38
 compilation: enabled

Compilation events (0 events):
No events

GC Heap History (0 events):
No events

Deoptimization events (0 events):
No events

Classes redefined (0 events):
No events

Internal exceptions (0 events):
No events

Events (10 events):
Event: 0.022 loading class java/lang/Short
Event: 0.023 loading class java/lang/Short done
Event: 0.023 loading class java/lang/Integer
Event: 0.023 loading class java/lang/Integer done
Event: 0.023 loading class java/lang/Long
Event: 0.023 loading class java/lang/Long done
Event: 0.023 loading class java/lang/NullPointerException
Event: 0.023 loading class java/lang/NullPointerException done
Event: 0.023 loading class java/lang/ArithmeticException
Event: 0.023 loading class java/lang/ArithmeticException done


Dynamic libraries:
0x00007ff74e2b0000 - 0x00007ff74e2e7000 	C:\Program Files\Java\jre1.8.0_211\bin\javaw.exe
0x00007fff2cc70000 - 0x00007fff2ce51000 	C:\WINDOWS\SYSTEM32\ntdll.dll
0x00007fff2bef0000 - 0x00007fff2bfa1000 	C:\WINDOWS\System32\KERNEL32.DLL
0x00007fff29e80000 - 0x00007fff2a0f3000 	C:\WINDOWS\System32\KERNELBASE.dll
0x00007fff2aa00000 - 0x00007fff2aaa1000 	C:\WINDOWS\System32\ADVAPI32.dll
0x00007fff2a2b0000 - 0x00007fff2a34e000 	C:\WINDOWS\System32\msvcrt.dll
0x00007fff2c8c0000 - 0x00007fff2c91b000 	C:\WINDOWS\System32\sechost.dll
0x00007fff2c730000 - 0x00007fff2c854000 	C:\WINDOWS\System32\RPCRT4.dll
0x00007fff2a350000 - 0x00007fff2a4e0000 	C:\WINDOWS\System32\USER32.dll
0x00007fff29170000 - 0x00007fff29190000 	C:\WINDOWS\System32\win32u.dll
0x00007fff2c920000 - 0x00007fff2c948000 	C:\WINDOWS\System32\GDI32.dll
0x00007fff29480000 - 0x00007fff29611000 	C:\WINDOWS\System32\gdi32full.dll
0x00007fff29620000 - 0x00007fff296bf000 	C:\WINDOWS\System32\msvcp_win.dll
0x00007fff29190000 - 0x00007fff29288000 	C:\WINDOWS\System32\ucrtbase.dll
0x00007fff18f30000 - 0x00007fff19199000 	C:\WINDOWS\WinSxS\amd64_microsoft.windows.common-controls_6595b64144ccf1df_6.0.17134.829_none_fb46a5473061b9d5\COMCTL32.dll
0x00007fff2c190000 - 0x00007fff2c4b2000 	C:\WINDOWS\System32\combase.dll
0x00007fff29090000 - 0x00007fff2910a000 	C:\WINDOWS\System32\bcryptPrimitives.dll
0x00007fff2c950000 - 0x00007fff2c97d000 	C:\WINDOWS\System32\IMM32.DLL
0x000000006e810000 - 0x000000006e8e2000 	C:\Program Files\Java\jre1.8.0_211\bin\msvcr100.dll
0x000000006ed60000 - 0x000000006f605000 	C:\Program Files\Java\jre1.8.0_211\bin\server\jvm.dll
0x00007fff2a940000 - 0x00007fff2a948000 	C:\WINDOWS\System32\PSAPI.DLL
0x00007fff18360000 - 0x00007fff18369000 	C:\WINDOWS\SYSTEM32\WSOCK32.dll
0x00007fff23290000 - 0x00007fff2329a000 	C:\WINDOWS\SYSTEM32\VERSION.dll
0x00007fff25160000 - 0x00007fff25183000 	C:\WINDOWS\SYSTEM32\WINMM.dll
0x00007fff2c980000 - 0x00007fff2c9ec000 	C:\WINDOWS\System32\WS2_32.dll
0x00007fff25130000 - 0x00007fff2515a000 	C:\WINDOWS\SYSTEM32\winmmbase.dll
0x00007fff29040000 - 0x00007fff29089000 	C:\WINDOWS\System32\cfgmgr32.dll
0x00007fff137d0000 - 0x00007fff137df000 	C:\Program Files\Java\jre1.8.0_211\bin\verify.dll
0x00007fff137a0000 - 0x00007fff137c9000 	C:\Program Files\Java\jre1.8.0_211\bin\java.dll
0x00007fff13780000 - 0x00007fff13796000 	C:\Program Files\Java\jre1.8.0_211\bin\zip.dll

VM Arguments:
jvm_args: -Dfile.encoding=Cp1252 
java_command: bridgelabsAssignmentManoj.GuessNumber 32
java_class_path (initial): C:\Users\Manoj\eclipse-workspace\assignment1\bin
Launcher Type: SUN_STANDARD

Environment Variables:
JAVA_HOME=C:\Program Files\Java\jre1.8.0_211
PATH=C:/Program Files/Java/jre1.8.0_211/bin/server;C:/Program Files/Java/jre1.8.0_211/bin;C:/Program Files/Java/jre1.8.0_211/lib/amd64;C:\Program Files (x86)\Common Files\Oracle\Java\javapath;C:\Program Files (x86)\Intel\iCLS Client\;C:\Program Files\Intel\iCLS Client\;C:\Windows\system32;C:\Windows;C:\Windows\System32\Wbem;C:\Windows\System32\WindowsPowerShell\v1.0\;C:\Program Files (x86)\Intel\Intel(R) Management Engine Components\DAL;C:\Program Files\Intel\Intel(R) Management Engine Components\DAL;C:\Program Files (x86)\Intel\Intel(R) Management Engine Components\IPT;C:\Program Files\Intel\Intel(R) Management Engine Components\IPT;C:\Program Files (x86)\NVIDIA Corporation\PhysX\Common;C:\WINDOWS\system32;C:\WINDOWS;C:\WINDOWS\System32\Wbem;C:\WINDOWS\System32\WindowsPowerShell\v1.0\;C:\WINDOWS\System32\OpenSSH\;C:\Program Files\Intel\WiFi\bin\;C:\Program Files\Common Files\Intel\WirelessCommon\;C:\Program Files\Git\cmd;C:\Program Files\Java\jdk-12.0.1\bin;;C:\Program Files\eclipse;
USERNAME=Manoj
OS=Windows_NT
PROCESSOR_IDENTIFIER=Intel64 Family 6 Model 142 Stepping 10, GenuineIntel



---------------  S Y S T E M  ---------------

OS: Windows 10.0 , 64 bit Build 17134 (10.0.17134.753)

CPU:total 8 (initial active 8) (4 cores per cpu, 2 threads per core) family 6 model 142 stepping 10, cmov, cx8, fxsr, mmx, sse, sse2, sse3, ssse3, sse4.1, sse4.2, popcnt, avx, avx2, aes, clmul, erms, 3dnowpref, lzcnt, ht, tsc, tscinvbit, bmi1, bmi2, adx

Memory: 4k page, physical 8272440k(1747444k free), swap 33438264k(5648k free)

vm_info: Java HotSpot(TM) 64-Bit Server VM (25.211-b12) for windows-amd64 JRE (1.8.0_211-b12), built on Apr  1 2019 20:53:26 by "java_re" with MS VC++ 10.0 (VS2010)

time: Fri Jul 05 18:05:07 2019
timezone: India Standard Time
elapsed time: 0 seconds (0d 0h 0m 0s)

